<?xml version="1.0" encoding="UTF-8"?>
<testng-results ignored="0" total="1" passed="1" failed="0" skipped="0">
  <reporter-output>
  </reporter-output>
  <suite started-at="2025-09-17T12:15:32 IST" name="Suite" finished-at="2025-09-17T12:15:45 IST" duration-ms="13029">
    <groups>
      <group name="Master">
        <method signature="TC01_AccountRegistrasion.verifyregistration()[pri:0, instance:testCases.TC01_AccountRegistrasion@373ebf74]" name="verifyregistration" class="testCases.TC01_AccountRegistrasion"/>
      </group> <!-- Master -->
      <group name="Sanity">
        <method signature="TC01_AccountRegistrasion.verifyregistration()[pri:0, instance:testCases.TC01_AccountRegistrasion@373ebf74]" name="verifyregistration" class="testCases.TC01_AccountRegistrasion"/>
      </group> <!-- Sanity -->
    </groups>
    <test started-at="2025-09-17T12:15:32 IST" name="Test" finished-at="2025-09-17T12:15:45 IST" duration-ms="13029">
      <class name="testCases.TC01_AccountRegistrasion">
        <test-method is-config="true" signature="setup(java.lang.String,java.lang.String)[pri:0, instance:testCases.TC01_AccountRegistrasion@373ebf74]" started-at="2025-09-17T12:15:33 IST" name="setup" finished-at="2025-09-17T12:15:40 IST" duration-ms="6892" status="PASS">
          <params>
            <param index="0">
              <value>
                <![CDATA[Windows]]>
              </value>
            </param>
            <param index="1">
              <value>
                <![CDATA[chrome]]>
              </value>
            </param>
          </params>
          <reporter-output>
          </reporter-output>
        </test-method> <!-- setup -->
        <test-method signature="verifyregistration()[pri:0, instance:testCases.TC01_AccountRegistrasion@373ebf74]" started-at="2025-09-17T12:15:40 IST" name="verifyregistration" finished-at="2025-09-17T12:15:44 IST" duration-ms="4901" status="PASS">
          <reporter-output>
          </reporter-output>
        </test-method> <!-- verifyregistration -->
        <test-method is-config="true" signature="teardown()[pri:0, instance:testCases.TC01_AccountRegistrasion@373ebf74]" started-at="2025-09-17T12:15:45 IST" name="teardown" finished-at="2025-09-17T12:15:45 IST" duration-ms="498" status="PASS">
          <reporter-output>
          </reporter-output>
        </test-method> <!-- teardown -->
      </class> <!-- testCases.TC01_AccountRegistrasion -->
    </test> <!-- Test -->
  </suite> <!-- Suite -->
</testng-results>
