<?xml version="1.0" encoding="UTF-8"?>
<testng-results ignored="0" total="1" passed="1" failed="0" skipped="0">
  <reporter-output>
  </reporter-output>
  <suite started-at="2025-09-17T16:25:51 IST" name="Suite" finished-at="2025-09-17T16:26:26 IST" duration-ms="34610">
    <groups>
      <group name="Master">
        <method signature="TC01_AccountRegistrasion.verifyregistration()[pri:0, instance:testCases.TC01_AccountRegistrasion@299321e2]" name="verifyregistration" class="testCases.TC01_AccountRegistrasion"/>
      </group> <!-- Master -->
      <group name="Sanity">
        <method signature="TC01_AccountRegistrasion.verifyregistration()[pri:0, instance:testCases.TC01_AccountRegistrasion@299321e2]" name="verifyregistration" class="testCases.TC01_AccountRegistrasion"/>
      </group> <!-- Sanity -->
    </groups>
    <test started-at="2025-09-17T16:25:51 IST" name="Test" finished-at="2025-09-17T16:26:26 IST" duration-ms="34610">
      <class name="testCases.TC01_AccountRegistrasion">
        <test-method is-config="true" signature="setup(java.lang.String,java.lang.String)[pri:0, instance:testCases.TC01_AccountRegistrasion@299321e2]" started-at="2025-09-17T16:25:52 IST" name="setup" finished-at="2025-09-17T16:26:20 IST" duration-ms="28414" status="PASS">
          <params>
            <param index="0">
              <value>
                <![CDATA[Windows]]>
              </value>
            </param>
            <param index="1">
              <value>
                <![CDATA[chrome]]>
              </value>
            </param>
          </params>
          <reporter-output>
          </reporter-output>
        </test-method> <!-- setup -->
        <test-method signature="verifyregistration()[pri:0, instance:testCases.TC01_AccountRegistrasion@299321e2]" started-at="2025-09-17T16:26:20 IST" name="verifyregistration" finished-at="2025-09-17T16:26:24 IST" duration-ms="3745" status="PASS">
          <reporter-output>
          </reporter-output>
        </test-method> <!-- verifyregistration -->
        <test-method is-config="true" signature="teardown()[pri:0, instance:testCases.TC01_AccountRegistrasion@299321e2]" started-at="2025-09-17T16:26:24 IST" name="teardown" finished-at="2025-09-17T16:26:26 IST" duration-ms="1716" status="PASS">
          <reporter-output>
          </reporter-output>
        </test-method> <!-- teardown -->
      </class> <!-- testCases.TC01_AccountRegistrasion -->
    </test> <!-- Test -->
  </suite> <!-- Suite -->
</testng-results>
